# JRE version: OpenJDK Runtime Environment (11.0.10) (build 11.0.10+0-b96-7249189)
# Java VM: OpenJDK 64-Bit Server VM (11.0.10+0-b96-7249189, mixed mode, tiered, compressed oops, g1 gc, windows-amd64)
Heap:
 garbage-first heap   total 354304K, used 214071K [0x0000000080000000, 0x0000000100000000)
  region size 1024K, 61 young (62464K), 2 survivors (2048K)
 Metaspace       used 137977K, capacity 142150K, committed 142296K, reserved 1173504K
  class space    used 17134K, capacity 18608K, committed 18648K, reserved 1048576K
GC Heap History (20 events):
Event: 1361.566 GC heap before
{Heap before GC invocations=94 (full 0):
 garbage-first heap   total 354304K, used 280752K [0x0000000080000000, 0x0000000100000000)
  region size 1024K, 76 young (77824K), 2 survivors (2048K)
 Metaspace       used 136568K, capacity 140571K, committed 140632K, reserved 1171456K
  class space    used 17052K, capacity 18484K, committed 18520K, reserved 1048576K
}
Event: 1361.580 GC heap after
{Heap after GC invocations=95 (full 0):
 garbage-first heap   total 354304K, used 216997K [0x0000000080000000, 0x0000000100000000)
  region size 1024K, 10 young (10240K), 10 survivors (10240K)
 Metaspace       used 136568K, capacity 140571K, committed 140632K, reserved 1171456K
  class space    used 17052K, capacity 18484K, committed 18520K, reserved 1048576K
}
Event: 1361.658 GC heap before
{Heap before GC invocations=95 (full 0):
 garbage-first heap   total 354304K, used 224165K [0x0000000080000000, 0x0000000100000000)
  region size 1024K, 17 young (17408K), 10 survivors (10240K)
 Metaspace       used 136568K, capacity 140571K, committed 140632K, reserved 1171456K
  class space    used 17052K, capacity 18484K, committed 18520K, reserved 1048576K
}
Event: 1361.677 GC heap after
{Heap after GC invocations=96 (full 0):
 garbage-first heap   total 354304K, used 214317K [0x0000000080000000, 0x0000000100000000)
  region size 1024K, 1 young (1024K), 1 survivors (1024K)
 Metaspace       used 136568K, capacity 140571K, committed 140632K, reserved 1171456K
  class space    used 17052K, capacity 18484K, committed 18520K, reserved 1048576K
}
Event: 1406.308 GC heap before
{Heap before GC invocations=96 (full 0):
 garbage-first heap   total 354304K, used 277805K [0x0000000080000000, 0x0000000100000000)
  region size 1024K, 64 young (65536K), 1 survivors (1024K)
 Metaspace       used 137264K, capacity 141317K, committed 141528K, reserved 1171456K
  class space    used 17116K, capacity 18587K, committed 18648K, reserved 1048576K
}
Event: 1406.327 GC heap after
{Heap after GC invocations=97 (full 0):
 garbage-first heap   total 354304K, used 218500K [0x0000000080000000, 0x0000000100000000)
  region size 1024K, 6 young (6144K), 6 survivors (6144K)
 Metaspace       used 137264K, capacity 141317K, committed 141528K, reserved 1171456K
  class space    used 17116K, capacity 18587K, committed 18648K, reserved 1048576K
}
Event: 1407.669 GC heap before
{Heap before GC invocations=98 (full 0):
 garbage-first heap   total 354304K, used 264580K [0x0000000080000000, 0x0000000100000000)
  region size 1024K, 70 young (71680K), 6 survivors (6144K)
 Metaspace       used 137386K, capacity 141385K, committed 141528K, reserved 1171456K
  class space    used 17120K, capacity 18587K, committed 18648K, reserved 1048576K
}
Event: 1407.702 GC heap after
{Heap after GC invocations=99 (full 0):
 garbage-first heap   total 354304K, used 214375K [0x0000000080000000, 0x0000000100000000)
  region size 1024K, 9 young (9216K), 9 survivors (9216K)
 Metaspace       used 137386K, capacity 141385K, committed 141528K, reserved 1171456K
  class space    used 17120K, capacity 18587K, committed 18648K, reserved 1048576K
}
Event: 1407.779 GC heap before
{Heap before GC invocations=99 (full 0):
 garbage-first heap   total 354304K, used 222567K [0x0000000080000000, 0x0000000100000000)
  region size 1024K, 17 young (17408K), 9 survivors (9216K)
 Metaspace       used 137387K, capacity 141449K, committed 141528K, reserved 1171456K
  class space    used 17120K, capacity 18587K, committed 18648K, reserved 1048576K
}
Event: 1407.817 GC heap after
{Heap after GC invocations=100 (full 0):
 garbage-first heap   total 354304K, used 199444K [0x0000000080000000, 0x0000000100000000)
  region size 1024K, 2 young (2048K), 2 survivors (2048K)
 Metaspace       used 137387K, capacity 141449K, committed 141528K, reserved 1171456K
  class space    used 17120K, capacity 18587K, committed 18648K, reserved 1048576K
}
Event: 1407.907 GC heap before
{Heap before GC invocations=100 (full 0):
 garbage-first heap   total 354304K, used 211732K [0x0000000080000000, 0x0000000100000000)
  region size 1024K, 15 young (15360K), 2 survivors (2048K)
 Metaspace       used 137397K, capacity 141449K, committed 141528K, reserved 1171456K
  class space    used 17120K, capacity 18587K, committed 18648K, reserved 1048576K
}
Event: 1407.916 GC heap after
{Heap after GC invocations=101 (full 0):
 garbage-first heap   total 354304K, used 199804K [0x0000000080000000, 0x0000000100000000)
  region size 1024K, 3 young (3072K), 3 survivors (3072K)
 Metaspace       used 137397K, capacity 141449K, committed 141528K, reserved 1171456K
  class space    used 17120K, capacity 18587K, committed 18648K, reserved 1048576K
}
Event: 1408.397 GC heap before
{Heap before GC invocations=102 (full 0):
 garbage-first heap   total 354304K, used 264316K [0x0000000080000000, 0x0000000100000000)
  region size 1024K, 76 young (77824K), 3 survivors (3072K)
 Metaspace       used 137485K, capacity 141514K, committed 141784K, reserved 1173504K
  class space    used 17120K, capacity 18587K, committed 18648K, reserved 1048576K
}
Event: 1408.409 GC heap after
{Heap after GC invocations=103 (full 0):
 garbage-first heap   total 354304K, used 183645K [0x0000000080000000, 0x0000000100000000)
  region size 1024K, 5 young (5120K), 5 survivors (5120K)
 Metaspace       used 137485K, capacity 141514K, committed 141784K, reserved 1173504K
  class space    used 17120K, capacity 18587K, committed 18648K, reserved 1048576K
}
Event: 1408.461 GC heap before
{Heap before GC invocations=103 (full 0):
 garbage-first heap   total 354304K, used 195933K [0x0000000080000000, 0x0000000100000000)
  region size 1024K, 17 young (17408K), 5 survivors (5120K)
 Metaspace       used 137502K, capacity 141514K, committed 141784K, reserved 1173504K
  class space    used 17120K, capacity 18587K, committed 18648K, reserved 1048576K
}
Event: 1408.491 GC heap after
{Heap after GC invocations=104 (full 0):
 garbage-first heap   total 354304K, used 156591K [0x0000000080000000, 0x0000000100000000)
  region size 1024K, 3 young (3072K), 3 survivors (3072K)
 Metaspace       used 137502K, capacity 141514K, committed 141784K, reserved 1173504K
  class space    used 17120K, capacity 18587K, committed 18648K, reserved 1048576K
}
Event: 1408.561 GC heap before
{Heap before GC invocations=104 (full 0):
 garbage-first heap   total 354304K, used 185263K [0x0000000080000000, 0x0000000100000000)
  region size 1024K, 17 young (17408K), 3 survivors (3072K)
 Metaspace       used 137530K, capacity 141578K, committed 141784K, reserved 1173504K
  class space    used 17120K, capacity 18587K, committed 18648K, reserved 1048576K
}
Event: 1408.569 GC heap after
{Heap after GC invocations=105 (full 0):
 garbage-first heap   total 354304K, used 156347K [0x0000000080000000, 0x0000000100000000)
  region size 1024K, 2 young (2048K), 2 survivors (2048K)
 Metaspace       used 137530K, capacity 141578K, committed 141784K, reserved 1173504K
  class space    used 17120K, capacity 18587K, committed 18648K, reserved 1048576K
}
Event: 1409.147 GC heap before
{Heap before GC invocations=105 (full 0):
 garbage-first heap   total 354304K, used 262843K [0x0000000080000000, 0x0000000100000000)
  region size 1024K, 107 young (109568K), 2 survivors (2048K)
 Metaspace       used 137740K, capacity 141776K, committed 142040K, reserved 1173504K
  class space    used 17121K, capacity 18587K, committed 18648K, reserved 1048576K
}
Event: 1409.151 GC heap after
{Heap after GC invocations=106 (full 0):
 garbage-first heap   total 354304K, used 155703K [0x0000000080000000, 0x0000000100000000)
  region size 1024K, 2 young (2048K), 2 survivors (2048K)
 Metaspace       used 137740K, capacity 141776K, committed 142040K, reserved 1173504K
  class space    used 17121K, capacity 18587K, committed 18648K, reserved 1048576K
}

